#
# There is insufficient memory for the Java Runtime Environment to continue.
# Native memory allocation (mmap) failed to map 41418752 bytes for committing reserved memory.
# Possible reasons:
#   The system is out of physical RAM or swap space
#   In 32 bit mode, the process size limit was hit
# Possible solutions:
#   Reduce memory load on the system
#   Increase physical memory or swap space
#   Check if swap backing store is full
#   Use 64 bit Java on a 64 bit OS
#   Decrease Java heap size (-Xmx/-Xms)
#   Decrease number of Java threads
#   Decrease Java thread stack sizes (-Xss)
#   Set larger code cache with -XX:ReservedCodeCacheSize=
# This output file may be truncated or incomplete.
#
#  Out of Memory Error (os_linux.cpp:2671), pid=32471, tid=1677581120
#
# JRE version: Java(TM) SE Runtime Environment (8.0_31-b13) (build 1.8.0_31-b13)
# Java VM: Java HotSpot(TM) Server VM (25.31-b07 mixed mode linux-x86 )
# Failed to write core dump. Core dumps have been disabled. To enable core dumping, try "ulimit -c unlimited" before starting Java again
#

---------------  T H R E A D  ---------------

Current thread (0x63e10c00):  VMThread [stack: 0x63f5d000,0x63fde000] [id=32482]

Stack: [0x63f5d000,0x63fde000],  sp=0x63fdc7b0,  free space=509k
Native frames: (J=compiled Java code, j=interpreted, Vv=VM code, C=native code)
V  [libjvm.so+0x8941c9]  VMError::report_and_die()+0x179
V  [libjvm.so+0x375385]  report_vm_out_of_memory(char const*, int, unsigned int, VMErrorType, char const*)+0x55
V  [libjvm.so+0x720f66]  os::Linux::commit_memory_impl(char*, unsigned int, bool)+0xe6
V  [libjvm.so+0x721388]  os::pd_commit_memory(char*, unsigned int, unsigned int, bool)+0x28
V  [libjvm.so+0x71ad5c]  os::commit_memory(char*, unsigned int, unsigned int, bool)+0x2c
V  [libjvm.so+0x782e98]  PSVirtualSpace::expand_by(unsigned int)+0x48
V  [libjvm.so+0x783f9a]  PSYoungGen::resize_generation(unsigned int, unsigned int)+0xda
V  [libjvm.so+0x7832c9]  PSYoungGen::resize(unsigned int, unsigned int)+0x19
V  [libjvm.so+0x780bfb]  PSScavenge::invoke_no_policy()+0xd2b
V  [libjvm.so+0x7813b8]  PSScavenge::invoke()+0x28
V  [libjvm.so+0x7418ba]  ParallelScavengeHeap::failed_mem_allocate(unsigned int)+0x5a
V  [libjvm.so+0x89591a]  VM_ParallelGCFailedAllocation::doit()+0x7a
V  [libjvm.so+0x89ea77]  VM_Operation::evaluate()+0x47
V  [libjvm.so+0x89cb43]  VMThread::evaluate_operation(VM_Operation*)+0xb3
V  [libjvm.so+0x89cee0]  VMThread::loop()+0x1b0
V  [libjvm.so+0x89d345]  VMThread::run()+0x85
V  [libjvm.so+0x723929]  java_start(Thread*)+0x119
C  [libpthread.so.0+0x6f70]  start_thread+0xd0

VM_Operation (0xb676f654): ParallelGCFailedAllocation, mode: safepoint, requested by thread 0xb6607400


---------------  P R O C E S S  ---------------

Java Threads: ( => current thread )
  0x63e38000 JavaThread "Service Thread" daemon [_thread_blocked, id=32488, stack(0x63a5c000,0x63aad000)]
  0x63e35000 JavaThread "C1 CompilerThread1" daemon [_thread_blocked, id=32487, stack(0x63aad000,0x63b2e000)]
  0x63e33000 JavaThread "C2 CompilerThread0" daemon [_thread_blocked, id=32486, stack(0x63b2e000,0x63baf000)]
  0x63e31800 JavaThread "Signal Dispatcher" daemon [_thread_blocked, id=32485, stack(0x63baf000,0x63c00000)]
  0x63e15800 JavaThread "Finalizer" daemon [_thread_blocked, id=32484, stack(0x63f0c000,0x63f5d000)]
  0x63e14000 JavaThread "Reference Handler" daemon [_thread_blocked, id=32483, stack(0x66b2e000,0x66b7f000)]
  0xb6607400 JavaThread "main" [_thread_blocked, id=32479, stack(0xb6720000,0xb6771000)]

Other Threads:
=>0x63e10c00 VMThread [stack: 0x63f5d000,0x63fde000] [id=32482]
  0x63e39800 WatcherThread [stack: 0x639db000,0x63a5c000] [id=32489]

VM state:at safepoint (normal execution)

VM Mutex/Monitor currently owned by a thread:  ([mutex/lock_event])
[0xb6604c28] Threads_lock - owner thread: 0x63e10c00
[0xb6605038] Heap_lock - owner thread: 0xb6607400

Heap:
 PSYoungGen      total 39680K, used 4349K [0x91ac0000, 0x94640000, 0xa7000000)
  eden space 35328K, 0% used [0x91ac0000,0x91ac0000,0x93d40000)
  from space 4352K, 99% used [0x93d40000,0x9417f7f8,0x94180000)
  to   space 3840K, 0% used [0x94180000,0x94180000,0x94540000)
 ParOldGen       total 23296K, used 13143K [0x67000000, 0x686c0000, 0x91ac0000)
  object space 23296K, 56% used [0x67000000,0x67cd5e30,0x686c0000)
 Metaspace       used 3855K, capacity 3902K, committed 3992K, reserved 4400K

Card table byte_map: [0x66dff000,0x67000000] byte_map_base: 0x66ac7000

Marking Bits: (ParMarkBitMap*) 0xb7170580
 Begin Bits: [0x64a00000, 0x65a00000)
 End Bits:   [0x65a00000, 0x66a00000)

Polling page: 0xb7773000

CodeCache: size=245760Kb used=5253Kb max_used=5253Kb free=240506Kb
 bounds [0xa7586000, 0xa7aae000, 0xb6586000]
 total_blobs=1836 nmethods=1681 adapters=70
 compilation: enabled

Compilation events (10 events):
Event: 9.520 Thread 0x63e35000 1783       3       com.android.dx.dex.cf.CfTranslator::translate0 (259 bytes)
Event: 9.523 Thread 0x63e35000 nmethod 1783 0xa7a9fe48 code [0xa7aa02a0, 0xa7aa2560]
Event: 9.633 Thread 0x63e35000 1784 %     3       com.android.dx.util.LabeledList::rebuildLabelToIndex @ 7 (46 bytes)
Event: 9.634 Thread 0x63e35000 nmethod 1784% 0xa7aa4108 code [0xa7aa4260, 0xa7aa47c4]
Event: 9.899 Thread 0x63e35000 1785 % !   3       com.android.dx.cf.cst.ConstantPoolParser::determineOffsets @ 5 (285 bytes)
Event: 9.902 Thread 0x63e35000 nmethod 1785% 0xa7aa49c8 code [0xa7aa4d40, 0xa7aa6278]
Event: 9.902 Thread 0x63e35000 1786   !   3       com.android.dx.cf.cst.ConstantPoolParser::determineOffsets (285 bytes)
Event: 9.903 Thread 0x63e35000 nmethod 1786 0xa7aa74c8 code [0xa7aa7840, 0xa7aa8cf8]
Event: 9.904 Thread 0x63e35000 1787       2       com.android.dx.rop.cst.CstString::<init> (42 bytes)
Event: 9.904 Thread 0x63e35000 nmethod 1787 0xa7aa9f08 code [0xa7aaa060, 0xa7aaa270]

GC Heap History (10 events):
Event: 4.221 GC heap after
Heap after GC invocations=2 (full 0):
 PSYoungGen      total 10240K, used 1264K [0x91ac0000, 0x92600000, 0xa7000000)
  eden space 8960K, 0% used [0x91ac0000,0x91ac0000,0x92380000)
  from space 1280K, 98% used [0x924c0000,0x925fc2c8,0x92600000)
  to   space 1280K, 0% used [0x92380000,0x92380000,0x924c0000)
 ParOldGen       total 23296K, used 2753K [0x67000000, 0x686c0000, 0x91ac0000)
  object space 23296K, 11% used [0x67000000,0x672b0428,0x686c0000)
 Metaspace       used 3520K, capacity 3646K, committed 3736K, reserved 4400K
}
Event: 5.239 GC heap before
{Heap before GC invocations=3 (full 0):
 PSYoungGen      total 10240K, used 10224K [0x91ac0000, 0x92600000, 0xa7000000)
  eden space 8960K, 100% used [0x91ac0000,0x92380000,0x92380000)
  from space 1280K, 98% used [0x924c0000,0x925fc2c8,0x92600000)
  to   space 1280K, 0% used [0x92380000,0x92380000,0x924c0000)
 ParOldGen       total 23296K, used 2753K [0x67000000, 0x686c0000, 0x91ac0000)
  object space 23296K, 11% used [0x67000000,0x672b0428,0x686c0000)
 Metaspace       used 3641K, capacity 3742K, committed 3864K, reserved 4400K
Event: 5.261 GC heap after
Heap after GC invocations=3 (full 0):
 PSYoungGen      total 10240K, used 1269K [0x91ac0000, 0x92ec0000, 0xa7000000)
  eden space 8960K, 0% used [0x91ac0000,0x91ac0000,0x92380000)
  from space 1280K, 99% used [0x92380000,0x924bd468,0x924c0000)
  to   space 1280K, 0% used [0x92d80000,0x92d80000,0x92ec0000)
 ParOldGen       total 23296K, used 4088K [0x67000000, 0x686c0000, 0x91ac0000)
  object space 23296K, 17% used [0x67000000,0x673fe3a0,0x686c0000)
 Metaspace       used 3641K, capacity 3742K, committed 3864K, reserved 4400K
}
Event: 5.557 GC heap before
{Heap before GC invocations=4 (full 0):
 PSYoungGen      total 10240K, used 10229K [0x91ac0000, 0x92ec0000, 0xa7000000)
  eden space 8960K, 100% used [0x91ac0000,0x92380000,0x92380000)
  from space 1280K, 99% used [0x92380000,0x924bd468,0x924c0000)
  to   space 1280K, 0% used [0x92d80000,0x92d80000,0x92ec0000)
 ParOldGen       total 23296K, used 4088K [0x67000000, 0x686c0000, 0x91ac0000)
  object space 23296K, 17% used [0x67000000,0x673fe3a0,0x686c0000)
 Metaspace       used 3742K, capacity 3806K, committed 3864K, reserved 4400K
Event: 5.575 GC heap after
Heap after GC invocations=4 (full 0):
 PSYoungGen      total 19200K, used 1271K [0x91ac0000, 0x92ec0000, 0xa7000000)
  eden space 17920K, 0% used [0x91ac0000,0x91ac0000,0x92c40000)
  from space 1280K, 99% used [0x92d80000,0x92ebdd68,0x92ec0000)
  to   space 1280K, 0% used [0x92c40000,0x92c40000,0x92d80000)
 ParOldGen       total 23296K, used 5562K [0x67000000, 0x686c0000, 0x91ac0000)
  object space 23296K, 23% used [0x67000000,0x6756ead0,0x686c0000)
 Metaspace       used 3742K, capacity 3806K, committed 3864K, reserved 4400K
}
Event: 7.032 GC heap before
{Heap before GC invocations=5 (full 0):
 PSYoungGen      total 19200K, used 19191K [0x91ac0000, 0x92ec0000, 0xa7000000)
  eden space 17920K, 100% used [0x91ac0000,0x92c40000,0x92c40000)
  from space 1280K, 99% used [0x92d80000,0x92ebdd68,0x92ec0000)
  to   space 1280K, 0% used [0x92c40000,0x92c40000,0x92d80000)
 ParOldGen       total 23296K, used 5562K [0x67000000, 0x686c0000, 0x91ac0000)
  object space 23296K, 23% used [0x67000000,0x6756ead0,0x686c0000)
 Metaspace       used 3797K, capacity 3838K, committed 3864K, reserved 4400K
Event: 7.063 GC heap after
Heap after GC invocations=5 (full 0):
 PSYoungGen      total 19200K, used 1277K [0x91ac0000, 0x94540000, 0xa7000000)
  eden space 17920K, 0% used [0x91ac0000,0x91ac0000,0x92c40000)
  from space 1280K, 99% used [0x92c40000,0x92d7f5a8,0x92d80000)
  to   space 3840K, 0% used [0x94180000,0x94180000,0x94540000)
 ParOldGen       total 23296K, used 8079K [0x67000000, 0x686c0000, 0x91ac0000)
  object space 23296K, 34% used [0x67000000,0x677e3ff8,0x686c0000)
 Metaspace       used 3797K, capacity 3838K, committed 3864K, reserved 4400K
}
Event: 7.622 GC heap before
{Heap before GC invocations=6 (full 0):
 PSYoungGen      total 19200K, used 19197K [0x91ac0000, 0x94540000, 0xa7000000)
  eden space 17920K, 100% used [0x91ac0000,0x92c40000,0x92c40000)
  from space 1280K, 99% used [0x92c40000,0x92d7f5a8,0x92d80000)
  to   space 3840K, 0% used [0x94180000,0x94180000,0x94540000)
 ParOldGen       total 23296K, used 8079K [0x67000000, 0x686c0000, 0x91ac0000)
  object space 23296K, 34% used [0x67000000,0x677e3ff8,0x686c0000)
 Metaspace       used 3833K, capacity 3870K, committed 3992K, reserved 4400K
Event: 7.660 GC heap after
Heap after GC invocations=6 (full 0):
 PSYoungGen      total 39168K, used 3830K [0x91ac0000, 0x94640000, 0xa7000000)
  eden space 35328K, 0% used [0x91ac0000,0x91ac0000,0x93d40000)
  from space 3840K, 99% used [0x94180000,0x9453da38,0x94540000)
  to   space 4352K, 0% used [0x93d40000,0x93d40000,0x94180000)
 ParOldGen       total 23296K, used 8196K [0x67000000, 0x686c0000, 0x91ac0000)
  object space 23296K, 35% used [0x67000000,0x67801220,0x686c0000)
 Metaspace       used 3833K, capacity 3870K, committed 3992K, reserved 4400K
}
Event: 9.995 GC heap before
{Heap before GC invocations=7 (full 0):
 PSYoungGen      total 39168K, used 39158K [0x91ac0000, 0x94640000, 0xa7000000)
  eden space 35328K, 100% used [0x91ac0000,0x93d40000,0x93d40000)
  from space 3840K, 99% used [0x94180000,0x9453da38,0x94540000)
  to   space 4352K, 0% used [0x93d40000,0x93d40000,0x94180000)
 ParOldGen       total 23296K, used 8196K [0x67000000, 0x686c0000, 0x91ac0000)
  object space 23296K, 35% used [0x67000000,0x67801220,0x686c0000)
 Metaspace       used 3855K, capacity 3902K, committed 3992K, reserved 4400K

Deoptimization events (10 events):
Event: 4.245 Thread 0xb6607400 Uncommon trap: reason=bimorphic action=maybe_recompile pc=0xa7739eb0 method=java.util.HashMap.getNode(ILjava/lang/Object;)Ljava/util/HashMap$Node; @ 126
Event: 4.245 Thread 0xb6607400 Uncommon trap: reason=bimorphic action=maybe_recompile pc=0xa7739eb0 method=java.util.HashMap.getNode(ILjava/lang/Object;)Ljava/util/HashMap$Node; @ 126
Event: 4.257 Thread 0xb6607400 Uncommon trap: reason=bimorphic action=maybe_recompile pc=0xa7739eb0 method=java.util.HashMap.getNode(ILjava/lang/Object;)Ljava/util/HashMap$Node; @ 126
Event: 5.053 Thread 0xb6607400 Uncommon trap: reason=null_check action=make_not_entrant pc=0xa77b69c4 method=com.android.dx.ssa.SsaRenamer.getLocalForNewReg(I)Lcom/android/dx/rop/code/LocalItem; @ 19
Event: 5.101 Thread 0xb6607400 Uncommon trap: reason=bimorphic action=maybe_recompile pc=0xa7739eb0 method=java.util.HashMap.getNode(ILjava/lang/Object;)Ljava/util/HashMap$Node; @ 126
Event: 5.101 Thread 0xb6607400 Uncommon trap: reason=bimorphic action=maybe_recompile pc=0xa76f0c3c method=java.util.HashMap.getNode(ILjava/lang/Object;)Ljava/util/HashMap$Node; @ 126
Event: 5.285 Thread 0xb6607400 Uncommon trap: reason=unreached action=reinterpret pc=0xa78aa254 method=com.android.dx.rop.cst.Constant.compareTo(Lcom/android/dx/rop/cst/Constant;)I @ 12
Event: 5.525 Thread 0xb6607400 Uncommon trap: reason=unreached action=reinterpret pc=0xa783bdd8 method=java.util.HashMap.getNode(ILjava/lang/Object;)Ljava/util/HashMap$Node; @ 84
Event: 5.525 Thread 0xb6607400 Uncommon trap: reason=unreached action=reinterpret pc=0xa789a7dc method=java.util.HashMap.getNode(ILjava/lang/Object;)Ljava/util/HashMap$Node; @ 84
Event: 5.525 Thread 0xb6607400 Uncommon trap: reason=unreached action=reinterpret pc=0xa78aef58 method=java.util.HashMap.getNode(ILjava/lang/Object;)Ljava/util/HashMap$Node; @ 84

Internal exceptions (10 events):
Event: 5.365 Thread 0xb6607400 Exception <a 'java/security/PrivilegedActionException'> (0x91e63b80) thrown at [/HUDSON3/workspace/8-2-build-linux-i586/jdk8u31/2394/hotspot/src/share/vm/prims/jvm.cpp, line 1312]
Event: 5.371 Thread 0xb6607400 Exception <a 'java/security/PrivilegedActionException'> (0x91e88538) thrown at [/HUDSON3/workspace/8-2-build-linux-i586/jdk8u31/2394/hotspot/src/share/vm/prims/jvm.cpp, line 1312]
Event: 5.375 Thread 0xb6607400 Exception <a 'java/security/PrivilegedActionException'> (0x91e8dc50) thrown at [/HUDSON3/workspace/8-2-build-linux-i586/jdk8u31/2394/hotspot/src/share/vm/prims/jvm.cpp, line 1312]
Event: 5.380 Thread 0xb6607400 Exception <a 'java/security/PrivilegedActionException'> (0x91e930b8) thrown at [/HUDSON3/workspace/8-2-build-linux-i586/jdk8u31/2394/hotspot/src/share/vm/prims/jvm.cpp, line 1312]
Event: 5.519 Thread 0xb6607400 Exception <a 'java/lang/ArrayIndexOutOfBoundsException': 18> (0x92268048) thrown at [/HUDSON3/workspace/8-2-build-linux-i586/jdk8u31/2394/hotspot/src/share/vm/interpreter/interpreterRuntime.cpp, line 366]
Event: 5.519 Thread 0xb6607400 Exception <a 'java/lang/ArrayIndexOutOfBoundsException': 145> (0x92269810) thrown at [/HUDSON3/workspace/8-2-build-linux-i586/jdk8u31/2394/hotspot/src/share/vm/interpreter/interpreterRuntime.cpp, line 366]
Event: 5.523 Thread 0xb6607400 Exception <a 'java/lang/ArrayIndexOutOfBoundsException'> (0x9226a830) thrown at [/HUDSON3/workspace/8-2-build-linux-i586/jdk8u31/2394/hotspot/src/share/vm/runtime/sharedRuntime.cpp, line 604]
Event: 5.752 Thread 0xb6607400 Exception <a 'java/security/PrivilegedActionException'> (0x91d4adb0) thrown at [/HUDSON3/workspace/8-2-build-linux-i586/jdk8u31/2394/hotspot/src/share/vm/prims/jvm.cpp, line 1312]
Event: 6.885 Thread 0xb6607400 Exception <a 'java/security/PrivilegedActionException'> (0x92882328) thrown at [/HUDSON3/workspace/8-2-build-linux-i586/jdk8u31/2394/hotspot/src/share/vm/prims/jvm.cpp, line 1312]
Event: 7.226 Thread 0xb6607400 Exception <a 'java/security/PrivilegedActionException'> (0x91fde2b8) thrown at [/HUDSON3/workspace/8-2-build-linux-i586/jdk8u31/2394/hotspot/src/share/vm/prims/jvm.cpp, line 1312]

Events (10 events):
Event: 9.499 Thread 0xb6607400 DEOPT UNPACKING pc=0xa75c2310 sp=0xb676f8e4 mode 0
Event: 9.516 Thread 0xb6607400 DEOPT PACKING pc=0xa792294f sp=0xb676f910
Event: 9.516 Thread 0xb6607400 DEOPT UNPACKING pc=0xa75c2310 sp=0xb676f7b4 mode 0
Event: 9.519 Thread 0xb6607400 DEOPT PACKING pc=0xa7a6f6ee sp=0xb676fab0
Event: 9.519 Thread 0xb6607400 DEOPT UNPACKING pc=0xa75c2310 sp=0xb676f9a4 mode 0
Event: 9.541 Thread 0xb6607400 DEOPT PACKING pc=0xa76f5408 sp=0xb676f830
Event: 9.541 Thread 0xb6607400 DEOPT UNPACKING pc=0xa75c2310 sp=0xb676f6d0 mode 0
Event: 9.903 Thread 0xb6607400 DEOPT PACKING pc=0xa7a7dbf1 sp=0xb676f930
Event: 9.904 Thread 0xb6607400 DEOPT UNPACKING pc=0xa75c2310 sp=0xb676f818 mode 0
Event: 9.994 Executing VM operation: ParallelGCFailedAllocation


Dynamic libraries:
08048000-08049000 r-xp 00000000 08:01 1057587    /opt/jdk1.8.0_31/bin/java
08049000-0804a000 rw-p 00000000 08:01 1057587    /opt/jdk1.8.0_31/bin/java
08b0f000-08e8f000 rw-p 00000000 00:00 0          [heap]
63400000-6348a000 rw-p 00000000 00:00 0 
6348a000-63500000 ---p 00000000 00:00 0 
63600000-636ff000 rw-p 00000000 00:00 0 
636ff000-63700000 ---p 00000000 00:00 0 
63700000-63800000 rw-p 00000000 00:00 0 
63800000-638fa000 rw-p 00000000 00:00 0 
638fa000-63900000 ---p 00000000 00:00 0 
639db000-639dc000 ---p 00000000 00:00 0 
639dc000-63a5c000 rw-p 00000000 00:00 0          [stack:32489]
63a5c000-63a5f000 ---p 00000000 00:00 0 
63a5f000-63aad000 rw-p 00000000 00:00 0          [stack:32488]
63aad000-63ab0000 ---p 00000000 00:00 0 
63ab0000-63b2e000 rw-p 00000000 00:00 0          [stack:32487]
63b2e000-63b31000 ---p 00000000 00:00 0 
63b31000-63baf000 rw-p 00000000 00:00 0          [stack:32486]
63baf000-63bb2000 ---p 00000000 00:00 0 
63bb2000-63c00000 rw-p 00000000 00:00 0          [stack:32485]
63c00000-63e00000 r--p 00000000 08:01 927587     /usr/lib/locale/locale-archive
63e00000-63ee3000 rw-p 00000000 00:00 0 
63ee3000-63f00000 ---p 00000000 00:00 0 
63f0c000-63f0f000 ---p 00000000 00:00 0 
63f0f000-63f5d000 rw-p 00000000 00:00 0          [stack:32484]
63f5d000-63f5e000 ---p 00000000 00:00 0 
63f5e000-63fde000 rw-p 00000000 00:00 0          [stack:32482]
63fde000-641b4000 r--s 03cae000 08:01 1057457    /opt/jdk1.8.0_31/jre/lib/rt.jar
641b4000-6459a000 rw-p 00000000 00:00 0 
6459a000-64600000 ---p 00000000 00:00 0 
64600000-66a00000 rw-p 00000000 00:00 0 
66a00000-66aff000 rw-p 00000000 00:00 0 
66aff000-66b00000 ---p 00000000 00:00 0 
66b2e000-66b31000 ---p 00000000 00:00 0 
66b31000-66b7f000 rw-p 00000000 00:00 0          [stack:32483]
66b7f000-66b80000 ---p 00000000 00:00 0 
66b80000-66c00000 rw-p 00000000 00:00 0          [stack:32481]
66c00000-66c21000 rw-p 00000000 00:00 0 
66c21000-66d00000 ---p 00000000 00:00 0 
66d23000-66d7e000 rw-p 00000000 00:00 0 
66d7e000-66d7f000 ---p 00000000 00:00 0 
66d7f000-66e0b000 rw-p 00000000 00:00 0          [stack:32480]
66e0b000-66f54000 ---p 00000000 00:00 0 
66f54000-66f6b000 rw-p 00000000 00:00 0 
66f6b000-66fff000 ---p 00000000 00:00 0 
66fff000-686c0000 rw-p 00000000 00:00 0 
686c0000-91ac0000 ---p 00000000 00:00 0 
91ac0000-94640000 rw-p 00000000 00:00 0 
96dc0000-a7000000 ---p 00000000 00:00 0 
a7000000-a7009000 r--s 00073000 08:01 1073442    /home/jack/github/mhealth/visualization/brainwaves/app/build/intermediates/exploded-aar/com.android.support/appcompat-v7/21.0.3/classes.jar
a7009000-a707c000 rw-p 00000000 00:00 0 
a707c000-a71c6000 ---p 00000000 00:00 0 
a71c6000-a71db000 rw-p 00000000 00:00 0 
a71db000-a7586000 ---p 00000000 00:00 0 
a7586000-a7aae000 rwxp 00000000 00:00 0 
a7aae000-b6586000 ---p 00000000 00:00 0 
b6586000-b659f000 r-xp 00000000 08:01 1057523    /opt/jdk1.8.0_31/jre/lib/i386/libzip.so
b659f000-b65a0000 rw-p 00018000 08:01 1057523    /opt/jdk1.8.0_31/jre/lib/i386/libzip.so
b65a0000-b65ab000 r-xp 00000000 08:01 427373     /lib/i386-linux-gnu/libnss_files-2.19.so
b65ab000-b65ac000 r--p 0000a000 08:01 427373     /lib/i386-linux-gnu/libnss_files-2.19.so
b65ac000-b65ad000 rw-p 0000b000 08:01 427373     /lib/i386-linux-gnu/libnss_files-2.19.so
b65ad000-b65b7000 r-xp 00000000 08:01 430231     /lib/i386-linux-gnu/libnss_nis-2.19.so
b65b7000-b65b8000 r--p 00009000 08:01 430231     /lib/i386-linux-gnu/libnss_nis-2.19.so
b65b8000-b65b9000 rw-p 0000a000 08:01 430231     /lib/i386-linux-gnu/libnss_nis-2.19.so
b65b9000-b65ce000 r-xp 00000000 08:01 430312     /lib/i386-linux-gnu/libnsl-2.19.so
b65ce000-b65cf000 r--p 00015000 08:01 430312     /lib/i386-linux-gnu/libnsl-2.19.so
b65cf000-b65d0000 rw-p 00016000 08:01 430312     /lib/i386-linux-gnu/libnsl-2.19.so
b65d0000-b65d2000 rw-p 00000000 00:00 0 
b65d2000-b65d9000 r-xp 00000000 08:01 427335     /lib/i386-linux-gnu/libnss_compat-2.19.so
b65d9000-b65da000 r--p 00006000 08:01 427335     /lib/i386-linux-gnu/libnss_compat-2.19.so
b65da000-b65db000 rw-p 00007000 08:01 427335     /lib/i386-linux-gnu/libnss_compat-2.19.so
b65db000-b65ff000 r-xp 00000000 08:01 1057493    /opt/jdk1.8.0_31/jre/lib/i386/libjava.so
b65ff000-b6600000 rw-p 00023000 08:01 1057493    /opt/jdk1.8.0_31/jre/lib/i386/libjava.so
b6600000-b66f7000 rw-p 00000000 00:00 0 
b66f7000-b6700000 ---p 00000000 00:00 0 
b6700000-b670f000 r--s 000dd000 08:01 1057746    /home/jack/Android/Sdk/build-tools/21.1.2/lib/dx.jar
b670f000-b6717000 rw-s 00000000 08:01 1101609    /tmp/hsperfdata_jack/32471
b6717000-b671e000 r-xp 00000000 08:01 427192     /lib/i386-linux-gnu/librt-2.19.so
b671e000-b671f000 r--p 00006000 08:01 427192     /lib/i386-linux-gnu/librt-2.19.so
b671f000-b6720000 rw-p 00007000 08:01 427192     /lib/i386-linux-gnu/librt-2.19.so
b6720000-b6723000 ---p 00000000 00:00 0 
b6723000-b6771000 rw-p 00000000 00:00 0          [stack:32479]
b6771000-b67b5000 r-xp 00000000 08:01 430318     /lib/i386-linux-gnu/libm-2.19.so
b67b5000-b67b6000 r--p 00043000 08:01 430318     /lib/i386-linux-gnu/libm-2.19.so
b67b6000-b67b7000 rw-p 00044000 08:01 430318     /lib/i386-linux-gnu/libm-2.19.so
b67b7000-b70f4000 r-xp 00000000 08:01 1057506    /opt/jdk1.8.0_31/jre/lib/i386/server/libjvm.so
b70f4000-b7160000 rw-p 0093c000 08:01 1057506    /opt/jdk1.8.0_31/jre/lib/i386/server/libjvm.so
b7160000-b7585000 rw-p 00000000 00:00 0 
b7585000-b772e000 r-xp 00000000 08:01 430203     /lib/i386-linux-gnu/libc-2.19.so
b772e000-b7730000 r--p 001a9000 08:01 430203     /lib/i386-linux-gnu/libc-2.19.so
b7730000-b7731000 rw-p 001ab000 08:01 430203     /lib/i386-linux-gnu/libc-2.19.so
b7731000-b7734000 rw-p 00000000 00:00 0 
b7734000-b7737000 r-xp 00000000 08:01 430258     /lib/i386-linux-gnu/libdl-2.19.so
b7737000-b7738000 r--p 00002000 08:01 430258     /lib/i386-linux-gnu/libdl-2.19.so
b7738000-b7739000 rw-p 00003000 08:01 430258     /lib/i386-linux-gnu/libdl-2.19.so
b7739000-b774d000 r-xp 00000000 08:01 933400     /opt/jdk1.8.0_31/lib/i386/jli/libjli.so
b774d000-b774e000 rw-p 00013000 08:01 933400     /opt/jdk1.8.0_31/lib/i386/jli/libjli.so
b774e000-b774f000 rw-p 00000000 00:00 0 
b774f000-b7767000 r-xp 00000000 08:01 430230     /lib/i386-linux-gnu/libpthread-2.19.so
b7767000-b7768000 r--p 00018000 08:01 430230     /lib/i386-linux-gnu/libpthread-2.19.so
b7768000-b7769000 rw-p 00019000 08:01 430230     /lib/i386-linux-gnu/libpthread-2.19.so
b7769000-b776b000 rw-p 00000000 00:00 0 
b7770000-b7771000 rw-p 00000000 00:00 0 
b7771000-b7772000 r--p 00855000 08:01 927587     /usr/lib/locale/locale-archive
b7772000-b7773000 rw-p 00000000 00:00 0 
b7773000-b7774000 ---p 00000000 00:00 0 
b7774000-b777f000 r-xp 00000000 08:01 1057555    /opt/jdk1.8.0_31/jre/lib/i386/libverify.so
b777f000-b7780000 rw-p 0000b000 08:01 1057555    /opt/jdk1.8.0_31/jre/lib/i386/libverify.so
b7780000-b7782000 rw-p 00000000 00:00 0 
b7782000-b7783000 r-xp 00000000 00:00 0          [vdso]
b7783000-b77a3000 r-xp 00000000 08:01 430324     /lib/i386-linux-gnu/ld-2.19.so
b77a3000-b77a4000 r--p 0001f000 08:01 430324     /lib/i386-linux-gnu/ld-2.19.so
b77a4000-b77a5000 rw-p 00020000 08:01 430324     /lib/i386-linux-gnu/ld-2.19.so
bf7b7000-bf7b8000 rwxp 00000000 00:00 0 
bf7ea000-bf80b000 rw-p 00000000 00:00 0          [stack]

VM Arguments:
jvm_args: -Xmx1024M 
java_command: /home/jack/Android/Sdk/build-tools/21.1.2/lib/dx.jar --dex --output /home/jack/github/mhealth/visualization/brainwaves/app/build/intermediates/pre-dexed/debug/classes-0a15548a07f02d98b48c051e51f29d172beb48ce.jar /home/jack/github/mhealth/visualization/brainwaves/app/build/intermediates/exploded-aar/com.android.support/appcompat-v7/21.0.3/classes.jar
java_class_path (initial): /home/jack/Android/Sdk/build-tools/21.1.2/lib/dx.jar
Launcher Type: SUN_STANDARD

Environment Variables:
JAVA_HOME=/opt/jdk1.8.0_31
JRE_HOME=/opt/jdk1.8.0_31/jre
CLASSPATH=./../lib/bootstrap.jar:./../lib/extensions.jar:./../lib/util.jar:./../lib/jdom.jar:./../lib/log4j.jar:./../lib/trove4j.jar:./../lib/jna.jar:/opt/jdk1.8.0_31/lib/tools.jar
PATH=/opt/jdk1.8.0_31/bin:/opt/jdk1.8.0_31/jre/bin:/usr/local/sbin:/usr/local/bin:/usr/sbin:/usr/bin:/sbin:/bin:/usr/games:/usr/local/games:/home/jack/Android/Sdk/tools:/home/jack/Android/Sdk/platform-tools
LD_LIBRARY_PATH=.:
SHELL=/bin/bash
DISPLAY=:0

Signal Handlers:
SIGSEGV: [libjvm.so+0x894cb0], sa_mask[0]=11111111011111111101111111111110, sa_flags=SA_RESTART|SA_SIGINFO
SIGBUS: [libjvm.so+0x894cb0], sa_mask[0]=11111111011111111101111111111110, sa_flags=SA_RESTART|SA_SIGINFO
SIGFPE: [libjvm.so+0x71dd00], sa_mask[0]=11111111011111111101111111111110, sa_flags=SA_RESTART|SA_SIGINFO
SIGPIPE: [libjvm.so+0x71dd00], sa_mask[0]=11111111011111111101111111111110, sa_flags=SA_RESTART|SA_SIGINFO
SIGXFSZ: [libjvm.so+0x71dd00], sa_mask[0]=11111111011111111101111111111110, sa_flags=SA_RESTART|SA_SIGINFO
SIGILL: [libjvm.so+0x71dd00], sa_mask[0]=11111111011111111101111111111110, sa_flags=SA_RESTART|SA_SIGINFO
SIGUSR1: SIG_DFL, sa_mask[0]=00000000000000000000000000000000, sa_flags=none
SIGUSR2: [libjvm.so+0x71f4b0], sa_mask[0]=00100000000000000000000000000000, sa_flags=SA_RESTART|SA_SIGINFO
SIGHUP: [libjvm.so+0x7209b0], sa_mask[0]=11111111011111111101111111111110, sa_flags=SA_RESTART|SA_SIGINFO
SIGINT: [libjvm.so+0x7209b0], sa_mask[0]=11111111011111111101111111111110, sa_flags=SA_RESTART|SA_SIGINFO
SIGTERM: [libjvm.so+0x7209b0], sa_mask[0]=11111111011111111101111111111110, sa_flags=SA_RESTART|SA_SIGINFO
SIGQUIT: [libjvm.so+0x7209b0], sa_mask[0]=11111111011111111101111111111110, sa_flags=SA_RESTART|SA_SIGINFO


---------------  S Y S T E M  ---------------

OS:DISTRIB_ID=Ubuntu
DISTRIB_RELEASE=14.04
DISTRIB_CODENAME=trusty
DISTRIB_DESCRIPTION="Ubuntu 14.04.1 LTS"

uname:Linux 3.13.0-44-generic #73-Ubuntu SMP Tue Dec 16 00:23:46 UTC 2014 i686
libc:glibc 2.19 NPTL 2.19 
rlimit: STACK 8192k, CORE 0k, NPROC 17145, NOFILE 4096, AS infinity
load average:5.60 2.28 0.99

/proc/meminfo:
MemTotal:        2213888 kB
MemFree:          143992 kB
Buffers:             992 kB
Cached:            36232 kB
SwapCached:        32988 kB
Active:          1279092 kB
Inactive:         669652 kB
Active(anon):    1268776 kB
Inactive(anon):   655404 kB
Active(file):      10316 kB
Inactive(file):    14248 kB
Unevictable:         988 kB
Mlocked:             988 kB
HighTotal:       1335176 kB
HighFree:          32140 kB
LowTotal:         878712 kB
LowFree:          111852 kB
SwapTotal:       1046524 kB
SwapFree:            672 kB
Dirty:                 0 kB
Writeback:             0 kB
AnonPages:       1879772 kB
Mapped:            11180 kB
Shmem:             12580 kB
Slab:              41572 kB
SReclaimable:      16768 kB
SUnreclaim:        24804 kB
KernelStack:        6304 kB
PageTables:        24352 kB
NFS_Unstable:          0 kB
Bounce:                0 kB
WritebackTmp:          0 kB
CommitLimit:     2153468 kB
Committed_AS:    8401376 kB
VmallocTotal:     122880 kB
VmallocUsed:       31076 kB
VmallocChunk:      31752 kB
HardwareCorrupted:     0 kB
AnonHugePages:    514048 kB
HugePages_Total:       0
HugePages_Free:        0
HugePages_Rsvd:        0
HugePages_Surp:        0
Hugepagesize:       2048 kB
DirectMap4k:       49144 kB
DirectMap2M:      864256 kB


CPU:total 2 (1 cores per cpu, 1 threads per core) family 6 model 69 stepping 1, cmov, cx8, fxsr, mmx, sse, sse2, sse3, ssse3, sse4.1, sse4.2, popcnt, avx, aes, clmul, erms, tsc, tscinvbit

/proc/cpuinfo:
processor	: 0
vendor_id	: GenuineIntel
cpu family	: 6
model		: 69
model name	: Intel(R) Core(TM) i7-4600U CPU @ 2.10GHz
stepping	: 1
microcode	: 0x17
cpu MHz		: 2693.761
cache size	: 4096 KB
physical id	: 0
siblings	: 1
core id		: 0
cpu cores	: 1
apicid		: 0
initial apicid	: 0
fdiv_bug	: no
f00f_bug	: no
coma_bug	: no
fpu		: yes
fpu_exception	: yes
cpuid level	: 13
wp		: yes
flags		: fpu vme de pse tsc msr pae mce cx8 apic sep mtrr pge mca cmov pat pse36 clflush dts mmx fxsr sse sse2 ss nx pdpe1gb rdtscp constant_tsc arch_perfmon pebs bts xtopology tsc_reliable nonstop_tsc aperfmperf pni pclmulqdq ssse3 fma pcid sse4_1 sse4_2 x2apic movbe popcnt aes xsave avx f16c rdrand hypervisor ida arat epb pln pts dtherm fsgsbase smep
bogomips	: 5387.52
clflush size	: 64
cache_alignment	: 64
address sizes	: 40 bits physical, 48 bits virtual
power management:

processor	: 1
vendor_id	: GenuineIntel
cpu family	: 6
model		: 69
model name	: Intel(R) Core(TM) i7-4600U CPU @ 2.10GHz
stepping	: 1
microcode	: 0x17
cpu MHz		: 2693.761
cache size	: 4096 KB
physical id	: 2
siblings	: 1
core id		: 0
cpu cores	: 1
apicid		: 2
initial apicid	: 2
fdiv_bug	: no
f00f_bug	: no
coma_bug	: no
fpu		: yes
fpu_exception	: yes
cpuid level	: 13
wp		: yes
flags		: fpu vme de pse tsc msr pae mce cx8 apic sep mtrr pge mca cmov pat pse36 clflush dts mmx fxsr sse sse2 ss nx pdpe1gb rdtscp constant_tsc arch_perfmon pebs bts xtopology tsc_reliable nonstop_tsc aperfmperf pni pclmulqdq ssse3 fma pcid sse4_1 sse4_2 x2apic movbe popcnt aes xsave avx f16c rdrand hypervisor ida arat epb pln pts dtherm fsgsbase smep
bogomips	: 5387.52
clflush size	: 64
cache_alignment	: 64
address sizes	: 40 bits physical, 48 bits virtual
power management:



Memory: 4k page, physical 2213888k(143992k free), swap 1046524k(672k free)

vm_info: Java HotSpot(TM) Server VM (25.31-b07) for linux-x86 JRE (1.8.0_31-b13), built on Dec 17 2014 20:50:14 by "java_re" with gcc 4.3.0 20080428 (Red Hat 4.3.0-8)

time: Sun Feb 22 14:32:57 2015
elapsed time: 13 seconds (0d 0h 0m 13s)

